Detecting C [-std=c11] compiler features failed to compile with the following output:
Change Dir: /home/kewin/Projects/game-engine/build/CMakeFiles/CMakeTmp

Run Build Command:"/usr/bin/make" "cmTC_a056b/fast"
/usr/bin/make -f CMakeFiles/cmTC_a056b.dir/build.make CMakeFiles/cmTC_a056b.dir/build
make[1]: Entering directory '/home/kewin/Projects/game-engine/build/CMakeFiles/CMakeTmp'
Building C object CMakeFiles/cmTC_a056b.dir/feature_tests.c.o
/usr/bin/c99-gcc   -std=c11 -o CMakeFiles/cmTC_a056b.dir/feature_tests.c.o   -c /home/kewin/Projects/game-engine/build/CMakeFiles/feature_tests.c
c99-gcc called with non ISO C99 option -std=c11
CMakeFiles/cmTC_a056b.dir/build.make:65: recipe for target 'CMakeFiles/cmTC_a056b.dir/feature_tests.c.o' failed
make[1]: *** [CMakeFiles/cmTC_a056b.dir/feature_tests.c.o] Error 1
make[1]: Leaving directory '/home/kewin/Projects/game-engine/build/CMakeFiles/CMakeTmp'
Makefile:126: recipe for target 'cmTC_a056b/fast' failed
make: *** [cmTC_a056b/fast] Error 2



Determining if the pthread_create exist failed with the following output:
Change Dir: /home/kewin/Projects/game-engine/build/CMakeFiles/CMakeTmp

Run Build Command:"/usr/bin/make" "cmTC_4d012/fast"
/usr/bin/make -f CMakeFiles/cmTC_4d012.dir/build.make CMakeFiles/cmTC_4d012.dir/build
make[1]: Entering directory '/home/kewin/Projects/game-engine/build/CMakeFiles/CMakeTmp'
Building C object CMakeFiles/cmTC_4d012.dir/CheckSymbolExists.c.o
/usr/bin/c99-gcc    -o CMakeFiles/cmTC_4d012.dir/CheckSymbolExists.c.o   -c /home/kewin/Projects/game-engine/build/CMakeFiles/CMakeTmp/CheckSymbolExists.c
Linking C executable cmTC_4d012
/usr/bin/cmake -E cmake_link_script CMakeFiles/cmTC_4d012.dir/link.txt --verbose=1
/usr/bin/c99-gcc      -rdynamic CMakeFiles/cmTC_4d012.dir/CheckSymbolExists.c.o  -o cmTC_4d012 
CMakeFiles/cmTC_4d012.dir/CheckSymbolExists.c.o: In function `main':
CheckSymbolExists.c:(.text+0x1b): undefined reference to `pthread_create'
collect2: error: ld returned 1 exit status
CMakeFiles/cmTC_4d012.dir/build.make:97: recipe for target 'cmTC_4d012' failed
make[1]: *** [cmTC_4d012] Error 1
make[1]: Leaving directory '/home/kewin/Projects/game-engine/build/CMakeFiles/CMakeTmp'
Makefile:126: recipe for target 'cmTC_4d012/fast' failed
make: *** [cmTC_4d012/fast] Error 2

File /home/kewin/Projects/game-engine/build/CMakeFiles/CMakeTmp/CheckSymbolExists.c:
/* */
#include <pthread.h>

int main(int argc, char** argv)
{
  (void)argv;
#ifndef pthread_create
  return ((int*)(&pthread_create))[argc];
#else
  (void)argc;
  return 0;
#endif
}

Determining if the function pthread_create exists in the pthreads failed with the following output:
Change Dir: /home/kewin/Projects/game-engine/build/CMakeFiles/CMakeTmp

Run Build Command:"/usr/bin/make" "cmTC_ae81b/fast"
/usr/bin/make -f CMakeFiles/cmTC_ae81b.dir/build.make CMakeFiles/cmTC_ae81b.dir/build
make[1]: Entering directory '/home/kewin/Projects/game-engine/build/CMakeFiles/CMakeTmp'
Building C object CMakeFiles/cmTC_ae81b.dir/CheckFunctionExists.c.o
/usr/bin/c99-gcc   -DCHECK_FUNCTION_EXISTS=pthread_create   -o CMakeFiles/cmTC_ae81b.dir/CheckFunctionExists.c.o   -c /usr/share/cmake-3.10/Modules/CheckFunctionExists.c
Linking C executable cmTC_ae81b
/usr/bin/cmake -E cmake_link_script CMakeFiles/cmTC_ae81b.dir/link.txt --verbose=1
/usr/bin/c99-gcc  -DCHECK_FUNCTION_EXISTS=pthread_create    -rdynamic CMakeFiles/cmTC_ae81b.dir/CheckFunctionExists.c.o  -o cmTC_ae81b -lpthreads 
/usr/bin/ld: cannot find -lpthreads
collect2: error: ld returned 1 exit status
CMakeFiles/cmTC_ae81b.dir/build.make:97: recipe for target 'cmTC_ae81b' failed
make[1]: *** [cmTC_ae81b] Error 1
make[1]: Leaving directory '/home/kewin/Projects/game-engine/build/CMakeFiles/CMakeTmp'
Makefile:126: recipe for target 'cmTC_ae81b/fast' failed
make: *** [cmTC_ae81b/fast] Error 2


